mode: set
go-notes-webapp/main-module/dbmanager/dbmanager.go:18.61,20.16 2 1
go-notes-webapp/main-module/dbmanager/dbmanager.go:23.2,24.12 2 1
go-notes-webapp/main-module/dbmanager/dbmanager.go:20.16,22.3 1 0
go-notes-webapp/main-module/dbmanager/dbmanager.go:27.95,31.20 2 0
go-notes-webapp/main-module/dbmanager/dbmanager.go:43.2,43.12 1 0
go-notes-webapp/main-module/dbmanager/dbmanager.go:31.20,32.47 1 0
go-notes-webapp/main-module/dbmanager/dbmanager.go:32.47,34.4 1 0
go-notes-webapp/main-module/dbmanager/dbmanager.go:34.9,36.18 2 0
go-notes-webapp/main-module/dbmanager/dbmanager.go:36.18,38.5 1 0
go-notes-webapp/main-module/dbmanager/dbmanager.go:40.8,42.3 1 0
go-notes-webapp/main-module/dbmanager/dbmanager.go:46.66,50.16 3 0
go-notes-webapp/main-module/dbmanager/dbmanager.go:53.2,53.12 1 0
go-notes-webapp/main-module/dbmanager/dbmanager.go:50.16,52.3 1 0
go-notes-webapp/main-module/dbmanager/dbmanager.go:56.95,59.75 2 1
go-notes-webapp/main-module/dbmanager/dbmanager.go:68.2,68.12 1 1
go-notes-webapp/main-module/dbmanager/dbmanager.go:59.75,62.3 1 0
go-notes-webapp/main-module/dbmanager/dbmanager.go:62.8,62.53 1 1
go-notes-webapp/main-module/dbmanager/dbmanager.go:62.53,65.3 1 0
go-notes-webapp/main-module/dbmanager/dbmanager.go:65.8,67.3 1 1
go-notes-webapp/main-module/dbmanager/dbmanager.go:71.66,75.16 3 1
go-notes-webapp/main-module/dbmanager/dbmanager.go:78.2,78.12 1 1
go-notes-webapp/main-module/dbmanager/dbmanager.go:75.16,77.3 1 0
go-notes-webapp/main-module/dbmanager/dbmanager.go:81.49,83.16 2 0
go-notes-webapp/main-module/dbmanager/dbmanager.go:86.2,87.16 2 0
go-notes-webapp/main-module/dbmanager/dbmanager.go:90.2,90.12 1 0
go-notes-webapp/main-module/dbmanager/dbmanager.go:83.16,85.3 1 0
go-notes-webapp/main-module/dbmanager/dbmanager.go:87.16,89.3 1 0
